<?xml version="1.0" encoding="UTF-8"?>
<testng-results ignored="0" total="1" passed="1" failed="0" skipped="0">
  <reporter-output>
  </reporter-output>
  <suite started-at="2025-04-09T23:01:14 IST" name="Default suite" finished-at="2025-04-09T23:01:19 IST" duration-ms="4232">
    <groups>
    </groups>
    <test started-at="2025-04-09T23:01:14 IST" name="Default test" finished-at="2025-04-09T23:01:19 IST" duration-ms="4232">
      <class name="com.api.qa.CRUD.POJOS.De_serialisation_pojo_Class_Ex_001">
        <test-method signature="Pojoserialization()[pri:0, instance:com.api.qa.CRUD.POJOS.De_serialisation_pojo_Class_Ex_001@5e7cd6cc]" started-at="2025-04-09T23:01:14 IST" name="Pojoserialization" finished-at="2025-04-09T23:01:19 IST" duration-ms="4056" status="PASS">
          <reporter-output>
          </reporter-output>
        </test-method> <!-- Pojoserialization -->
      </class> <!-- com.api.qa.CRUD.POJOS.De_serialisation_pojo_Class_Ex_001 -->
    </test> <!-- Default test -->
  </suite> <!-- Default suite -->
</testng-results>
