<?xml version="1.0" encoding="UTF-8"?>
<testng-results ignored="0" total="1" passed="1" failed="0" skipped="0">
  <reporter-output>
  </reporter-output>
  <suite started-at="2025-05-16T15:13:59 IST" name="Default suite" finished-at="2025-05-16T15:14:05 IST" duration-ms="5469">
    <groups>
    </groups>
    <test started-at="2025-05-16T15:13:59 IST" name="Default test" finished-at="2025-05-16T15:14:05 IST" duration-ms="5469">
      <class name="com.api.qa.CRUD.POJOS.Serialisation_Pojo_Ex_001">
        <test-method signature="Pojoserialization()[pri:0, instance:com.api.qa.CRUD.POJOS.Serialisation_Pojo_Ex_001@1a20270e]" started-at="2025-05-16T15:13:59 IST" name="Pojoserialization" finished-at="2025-05-16T15:14:04 IST" duration-ms="5267" status="PASS">
          <reporter-output>
          </reporter-output>
        </test-method> <!-- Pojoserialization -->
      </class> <!-- com.api.qa.CRUD.POJOS.Serialisation_Pojo_Ex_001 -->
    </test> <!-- Default test -->
  </suite> <!-- Default suite -->
</testng-results>
